here
Cloning into 'scRNA_int'...
total 153988
-rwxr-xr-x 1 23517 23517        52 Apr 19 15:48 clean.sh
-rw-r--r-- 1 23517 23517 157632108 Apr 19 15:46 dat.RData
-rw-r--r-- 1 23517 23517       947 Apr 19 15:48 generate_queue.R
-rw-r--r-- 1 23517 23517      8628 Apr 19 15:48 params.txt
-rwxr-xr-x 1 23517 23517      1121 Apr 19 15:48 sim_cp.sh
-rwxr-xr-x 1 23517 23517      1120 Apr 19 15:48 sim.sh
-rw-r--r-- 1 23517 23517       694 Apr 19 15:48 sim.sub
-rw-r--r-- 1 23517 23517     10421 Apr 19 15:48 simulate.Rmd
-rw-r--r-- 1 23517 23517       220 Apr 19 15:48 test_params.txt


processing file: simulate.Rmd
Quitting from lines 116-146 (simulate.Rmd) 
Error in simulate_count_scDesign2(fit_result, n_cell_new = n_cell_new,  : 
  object 'cell_type_prop' not found
Calls: <Anonymous> ... eval_with_user_handlers -> eval -> eval -> simulate_count_scDesign2
In addition: Warning message:
In fit_model_scDesign2(traincount, cell_type, sim_method = "copula",  :
  The entries in the input matrix are not integers. Rounding is performed.
Execution halted
mv: cannot create regular file '/derived_$c_type_$n_cell_$cell_times_$seq_depth.tar.gz': Permission denied
