000 (9863866.000.000) 2022-04-19 10:40:51 Job submitted from host: <128.104.101.92:9618?addrs=128.104.101.92-9618+[2607-f388-107c-501-a236-9fff-fe3c-caa8]-9618&alias=submit2.chtc.wisc.edu&noUDP&sock=schedd_4918_eadb>
...
040 (9863866.000.000) 2022-04-19 10:41:34 Started transferring input files
	Transferring to host: <128.104.101.137:9618?addrs=128.104.101.137-9618+[2607-f388-107c-501-206-f6ff-fe30-aa79]-9618&alias=e0137.chtc.wisc.edu&noUDP&sock=slot1_12_9569_f9de_40541>
...
040 (9863866.000.000) 2022-04-19 10:41:35 Finished transferring input files
...
001 (9863866.000.000) 2022-04-19 10:41:36 Job executing on host: <128.104.101.137:9618?addrs=128.104.101.137-9618+[2607-f388-107c-501-206-f6ff-fe30-aa79]-9618&alias=e0137.chtc.wisc.edu&noUDP&sock=startd_2459_3f79>
...
007 (9863866.000.000) 2022-04-19 10:43:44 Shadow exception!
	Error from slot1_12@e0137.chtc.wisc.edu: Docker job has gone over memory limit of 5120 Mb
	0  -  Run Bytes Sent By Job
	157633232  -  Run Bytes Received By Job
...
012 (9863866.000.000) 2022-04-19 10:43:44 Job was held.
	Error from slot1_12@e0137.chtc.wisc.edu: Docker job has gone over memory limit of 5120 Mb
	Code 34 Subcode 0
...
013 (9863866.000.000) 2022-04-19 10:45:42 Job was released.
	via condor_release (by user xmiao27)
...
040 (9863866.000.000) 2022-04-19 10:46:33 Started transferring input files
	Transferring to host: <128.105.245.166:9618?addrs=128.105.245.166-9618&alias=e2366.chtc.wisc.edu&noUDP&sock=slot1_14_36289_a21d_26832>
...
040 (9863866.000.000) 2022-04-19 10:46:35 Finished transferring input files
...
001 (9863866.000.000) 2022-04-19 10:46:36 Job executing on host: <128.105.245.166:9618?addrs=128.105.245.166-9618&alias=e2366.chtc.wisc.edu&noUDP&sock=startd_2344_5e15>
...
006 (9863866.000.000) 2022-04-19 10:49:31 Image size of job updated: 8683
	8683  -  MemoryUsage of job (MB)
	8892356  -  ResidentSetSize of job (KB)
...
040 (9863866.000.000) 2022-04-19 10:49:31 Started transferring output files
...
040 (9863866.000.000) 2022-04-19 10:49:31 Finished transferring output files
...
005 (9863866.000.000) 2022-04-19 10:49:31 Job terminated.
	(1) Normal termination (return value 1)
		Usr 0 00:00:31, Sys 0 00:00:09  -  Run Remote Usage
		Usr 0 00:00:00, Sys 0 00:00:00  -  Run Local Usage
		Usr 0 00:00:31, Sys 0 00:00:09  -  Total Remote Usage
		Usr 0 00:00:00, Sys 0 00:00:00  -  Total Local Usage
	7328  -  Run Bytes Sent By Job
	157633232  -  Run Bytes Received By Job
	7328  -  Total Bytes Sent By Job
	315266464  -  Total Bytes Received By Job
	Partitionable Resources :    Usage  Request Allocated 
	   Cpus                 :        0        1         1 
	   Disk (KB)            :   154048 15728640  16000063 
	   IoHeavy              :                           0 
	   Memory (MB)          :     8683    10000     10112 

	Job terminated of its own accord at 2022-04-19T15:49:31Z with exit-code 1.
...
