000 (9863866.003.000) 2022-04-19 10:40:51 Job submitted from host: <128.104.101.92:9618?addrs=128.104.101.92-9618+[2607-f388-107c-501-a236-9fff-fe3c-caa8]-9618&alias=submit2.chtc.wisc.edu&noUDP&sock=schedd_4918_eadb>
...
040 (9863866.003.000) 2022-04-19 10:41:34 Started transferring input files
	Transferring to host: <128.105.68.152:9618?addrs=128.105.68.152-9618+[2607-f388-2200-100-b226-28ff-fe51-614a]-9618&alias=e2011.chtc.wisc.edu&noUDP&sock=slot1_11_20113_2d8b_29018>
...
040 (9863866.003.000) 2022-04-19 10:41:35 Finished transferring input files
...
001 (9863866.003.000) 2022-04-19 10:41:36 Job executing on host: <128.105.68.152:9618?addrs=128.105.68.152-9618+[2607-f388-2200-100-b226-28ff-fe51-614a]-9618&alias=e2011.chtc.wisc.edu&noUDP&sock=startd_7807_87f7>
...
007 (9863866.003.000) 2022-04-19 10:44:48 Shadow exception!
	Error from slot1_11@e2011.chtc.wisc.edu: Docker job has gone over memory limit of 5120 Mb
	0  -  Run Bytes Sent By Job
	157633232  -  Run Bytes Received By Job
...
012 (9863866.003.000) 2022-04-19 10:44:48 Job was held.
	Error from slot1_11@e2011.chtc.wisc.edu: Docker job has gone over memory limit of 5120 Mb
	Code 34 Subcode 0
...
013 (9863866.003.000) 2022-04-19 10:45:43 Job was released.
	via condor_release (by user xmiao27)
...
040 (9863866.003.000) 2022-04-19 10:46:33 Started transferring input files
	Transferring to host: <128.105.68.145:9618?addrs=128.105.68.145-9618+[2607-f388-2200-100-1e6a-7aff-fe26-6ae5]-9618&alias=e2423.chtc.wisc.edu&noUDP&sock=slot1_8_25901_58f6_23933>
...
040 (9863866.003.000) 2022-04-19 10:46:35 Finished transferring input files
...
001 (9863866.003.000) 2022-04-19 10:46:36 Job executing on host: <128.105.68.145:9618?addrs=128.105.68.145-9618+[2607-f388-2200-100-1e6a-7aff-fe26-6ae5]-9618&alias=e2423.chtc.wisc.edu&noUDP&sock=startd_7776_4487>
...
006 (9863866.003.000) 2022-04-19 10:49:08 Image size of job updated: 8685
	8685  -  MemoryUsage of job (MB)
	8893532  -  ResidentSetSize of job (KB)
...
040 (9863866.003.000) 2022-04-19 10:49:08 Started transferring output files
...
040 (9863866.003.000) 2022-04-19 10:49:08 Finished transferring output files
...
005 (9863866.003.000) 2022-04-19 10:49:09 Job terminated.
	(1) Normal termination (return value 1)
		Usr 0 00:00:00, Sys 0 00:00:00  -  Run Remote Usage
		Usr 0 00:00:00, Sys 0 00:00:00  -  Run Local Usage
		Usr 0 00:00:00, Sys 0 00:00:00  -  Total Remote Usage
		Usr 0 00:00:00, Sys 0 00:00:00  -  Total Local Usage
	7592  -  Run Bytes Sent By Job
	157633232  -  Run Bytes Received By Job
	7592  -  Total Bytes Sent By Job
	315266464  -  Total Bytes Received By Job
	Partitionable Resources :     Usage  Request Allocated 
	   Cpus                 :      0.00        1         1 
	   Disk (KB)            : 154049    15728640  16056583 
	   IoHeavy              :                            0 
	   Memory (MB)          :   8685       10000     10000 

	Job terminated of its own accord at 2022-04-19T15:49:08Z with exit-code 1.
...
